VPR FPGA Placement and Routing.
Version: 8.1.0-dev+5ff861344
Revision: v8.0.0-rc2-3044-g5ff861344
Compiled: 2022-09-23T02:30:32
Compiler: GNU 10.2.1 on Linux-5.4.0-faked aarch64
Build Info: release IPO VTR_ASSERT_LEVEL=2

University of Toronto
verilogtorouting.org
vtr-users@googlegroups.com
This is free open source code under MIT license.

VPR was run with the following command-line:
vpr /data/data/com.termux/files/home/symbiflow/quicklogic-arch-defs/share/arch/ql-eos-s3_wlcsp/arch.timing.xml pw_modulator.eblif --device ql-eos-s3 --max_router_iterations 500 --routing_failure_predictor off --router_high_fanout_threshold -1 --constant_net_method route --route_chan_width 100 --clock_modeling route --place_delay_model delta_override --router_lookahead map --check_route quick --strict_checks off --allow_dangling_combinational_nodes on --disable_errors check_unbuffered_edges:check_route --congested_routing_iteration_threshold 0.8 --incremental_reroute_delay_ripup off --base_cost_type delay_normalized_length_bounded --bb_factor 10 --initial_pres_fac 4.0 --check_rr_graph off --suppress_warnings ,sum_pin_class:check_unbuffered_edges:load_rr_indexed_data_T_values:check_rr_node:trans_per_R:check_route:set_rr_graph_tool_comment:warn_model_missing_timing --read_rr_graph /data/data/com.termux/files/home/symbiflow/quicklogic-arch-defs/share/arch/ql-eos-s3_wlcsp/rr_graph_ql-eos-s3_wlcsp.rr_graph.real.bin --read_placement_delay_lookup /data/data/com.termux/files/home/symbiflow/quicklogic-arch-defs/share/arch/ql-eos-s3_wlcsp/rr_graph_ql-eos-s3_wlcsp.place_delay.bin --sdc_file /root/iith-fwc-2022-23/fwc_fpga/./assignment/build/pw_modulator_dummy.sdc --pack


Architecture file: /data/data/com.termux/files/home/symbiflow/quicklogic-arch-defs/share/arch/ql-eos-s3_wlcsp/arch.timing.xml
Circuit name: pw_modulator

# Loading Architecture Description
# Loading Architecture Description took 1.42 seconds (max_rss 27.5 MiB, delta_rss +23.2 MiB)
# Building complex block graph
# Building complex block graph took 0.38 seconds (max_rss 34.4 MiB, delta_rss +6.9 MiB)
# Load circuit
# Load circuit took 0.04 seconds (max_rss 36.3 MiB, delta_rss +1.9 MiB)
# Clean circuit
Absorbed 1135 LUT buffers
Inferred  107 additional primitive pins as constant generators since they have no combinationally connected inputs
Inferred   38 additional primitive pins as constant generators due to constant inputs
Inferred    0 additional primitive pins as constant generators since they have no combinationally connected inputs
Inferred    0 additional primitive pins as constant generators due to constant inputs
Inferred    0 additional primitive pins as constant generators since they have no combinationally connected inputs
Inferred    0 additional primitive pins as constant generators due to constant inputs
Swept input(s)      : 0
Swept output(s)     : 0 (0 dangling, 0 constant)
Swept net(s)        : 141
Swept block(s)      : 1
Constant Pins Marked: 145
# Clean circuit took 0.03 seconds (max_rss 37.1 MiB, delta_rss +0.8 MiB)
# Compress circuit
# Compress circuit took 0.00 seconds (max_rss 37.1 MiB, delta_rss +0.0 MiB)
# Verify circuit
# Verify circuit took 0.00 seconds (max_rss 37.1 MiB, delta_rss +0.0 MiB)
Circuit Statistics:
  Blocks: 136
    .input    :       2
    .output   :       2
    ASSP      :       1
    BIDIR_CELL:       3
    CLOCK_CELL:       1
    C_FRAG    :      32
    F_FRAG    :       1
    GMUX_IP   :       1
    GND       :       1
    Q_FRAG    :      33
    T_FRAG    :      58
    VCC       :       1
  Nets  : 134
    Avg Fanout:     9.2
    Max Fanout:   522.0
    Min Fanout:     1.0
Warning 1: Assuming clocks may propagate through $auto$clkbufmap.cc:252:execute$2218.clock (CLOCK_CELL) from pin $auto$clkbufmap.cc:252:execute$2218.clock.I_PAD[0] to $auto$clkbufmap.cc:252:execute$2218.clock.O_CLK[0] (assuming a non-inverting buffer).
Warning 2: Assumed 1 netlist logic connections may be clock buffers. To override this behaviour explicitly create clocks at the appropriate netlist pins.
  Netlist Clocks: 3
# Build Timing Graph
Warning 3: Assuming clocks may propagate through $auto$clkbufmap.cc:252:execute$2218.clock (CLOCK_CELL) from pin $auto$clkbufmap.cc:252:execute$2218.clock.I_PAD[0] to $auto$clkbufmap.cc:252:execute$2218.clock.O_CLK[0] (assuming a non-inverting buffer).
Warning 4: Assumed 1 netlist logic connections may be clock buffers. To override this behaviour explicitly create clocks at the appropriate netlist pins.
Adding edge from '$auto$clkbufmap.cc:252:execute$2218.clock.I_PAD[0]' (tnode: 6) -> '$auto$clkbufmap.cc:252:execute$2218.clock.O_CLK[0]' (tnode: 7) to allow clocks to propagate
Adding edge from '$auto$clkbufmap.cc:252:execute$2218.gmux.IP[0]' (tnode: 9) -> '$auto$clkbufmap.cc:252:execute$2218.gmux.IZ[0]' (tnode: 10) to allow clocks to propagate
Warning 5: Inferred implicit clock source fsm_clk_dffe_Q.QZ[0] for netlist clock $auto$clkbufmap.cc:247:execute$2215 (possibly data used as clock)
  Timing Graph Nodes: 1365
  Timing Graph Edges: 2229
  Timing Graph Levels: 24
# Build Timing Graph took 0.00 seconds (max_rss 37.1 MiB, delta_rss +0.0 MiB)
Warning 6: Assuming clocks may propagate through $auto$clkbufmap.cc:252:execute$2218.clock (CLOCK_CELL) from pin $auto$clkbufmap.cc:252:execute$2218.clock.I_PAD[0] to $auto$clkbufmap.cc:252:execute$2218.clock.O_CLK[0] (assuming a non-inverting buffer).
Warning 7: Assumed 1 netlist logic connections may be clock buffers. To override this behaviour explicitly create clocks at the appropriate netlist pins.
Netlist contains 3 clocks
  Netlist Clock 'reset' Fanout: 1 pins (0.1%), 1 blocks (0.7%)
  Netlist Clock '$auto$clkbufmap.cc:247:execute$2215' Fanout: 7 pins (0.5%), 7 blocks (5.1%)
  Netlist Clock 'clk' Fanout: 28 pins (2.1%), 28 blocks (20.6%)
# Load Timing Constraints
Warning 8: Assuming clocks may propagate through $auto$clkbufmap.cc:252:execute$2218.clock (CLOCK_CELL) from pin $auto$clkbufmap.cc:252:execute$2218.clock.I_PAD[0] to $auto$clkbufmap.cc:252:execute$2218.clock.O_CLK[0] (assuming a non-inverting buffer).
Warning 9: Assumed 1 netlist logic connections may be clock buffers. To override this behaviour explicitly create clocks at the appropriate netlist pins.

SDC file '/root/iith-fwc-2022-23/fwc_fpga/./assignment/build/pw_modulator_dummy.sdc' contained no SDC commands
Warning 10: Assuming clocks may propagate through $auto$clkbufmap.cc:252:execute$2218.clock (CLOCK_CELL) from pin $auto$clkbufmap.cc:252:execute$2218.clock.I_PAD[0] to $auto$clkbufmap.cc:252:execute$2218.clock.O_CLK[0] (assuming a non-inverting buffer).
Warning 11: Assumed 1 netlist logic connections may be clock buffers. To override this behaviour explicitly create clocks at the appropriate netlist pins.
Setting default timing constraints:
   * constrain all primay inputs and primary outputs on a virtual external clock 'virtual_io_clock'
   * optimize all netlist and virtual clocks to run as fast as possible
   * ignore cross netlist clock domain timing paths
Timing constraints created 4 clocks
  Constrained Clock 'virtual_io_clock' (Virtual Clock)
  Constrained Clock 'reset' Source: 'reset.inpad[0]'
  Constrained Clock '$auto$clkbufmap.cc:247:execute$2215' Source: 'fsm_clk_dffe_Q.QZ[0]'
  Constrained Clock 'clk' Source: 'u_qlal4s3b_cell_macro.Sys_Clk0[0]'

# Load Timing Constraints took 0.00 seconds (max_rss 37.1 MiB, delta_rss +0.0 MiB)
Timing analysis: ON
Circuit netlist file: pw_modulator.net
Circuit placement file: pw_modulator.place
Circuit routing file: pw_modulator.route
Circuit SDC file: /root/iith-fwc-2022-23/fwc_fpga/./assignment/build/pw_modulator_dummy.sdc

Packer: ENABLED
Placer: DISABLED
Router: DISABLED
Analysis: DISABLED

NetlistOpts.abosrb_buffer_luts            : true
NetlistOpts.sweep_dangling_primary_ios    : true
NetlistOpts.sweep_dangling_nets           : true
NetlistOpts.sweep_dangling_blocks         : true
NetlistOpts.sweep_constant_primary_outputs: false
NetlistOpts.netlist_verbosity             : 1
NetlistOpts.const_gen_inference           : COMB_SEQ

PackerOpts.allow_unrelated_clustering: auto
PackerOpts.alpha_clustering: 0.750000
PackerOpts.beta_clustering: 0.900000
PackerOpts.cluster_seed_type: BLEND2
PackerOpts.connection_driven: true
PackerOpts.global_clocks: true
PackerOpts.hill_climbing_flag: false
PackerOpts.inter_cluster_net_delay: 1.000000
PackerOpts.timing_driven: true
PackerOpts.target_external_pin_util: auto

RoutingArch.directionality: BI_DIRECTIONAL
RoutingArch.switch_block_type: WILTON
RoutingArch.Fs: 3

# Packing
Begin packing 'pw_modulator.eblif'.
Warning 12: All 5 clocks will be treated as global.

After removing unused inputs...
	total blocks: 136, total nets: 134, total inputs: 2, total outputs: 2
Begin prepacking.
Finish prepacking.
Using inter-cluster delay: 1.2e-14
Warning 13: Unable to determine most common block type (perhaps the device grid was empty?)
Warning 14: Unable to infer which block type is a logic block
Warning 15: Unable to identify logic block type to apply default pin utilization targets to; this may result in denser packing than desired
Warning 16: Unable to determine most common block type (perhaps the device grid was empty?)
Warning 17: Unable to infer which block type is a logic block
Warning 18: Unable to identify logic block type to apply default packer high fanout thresholds; this may result in denser packing than desired
Packing with pin utilization targets: TL-LOGIC:1,1 TL-RAM:1,1 TL-MULT:1,1 TL-BIDIR:1,1 TL-CLOCK:1,1 TL-SDIOMUX:1,1 TL-GMUX:1,1 TL-ASSP:1,1 TL-SYN_VCC:1,1 TL-SYN_GND:1,1
Packing with high fanout thresholds: TL-LOGIC:128 TL-RAM:128 TL-MULT:128 TL-BIDIR:128 TL-CLOCK:128 TL-SDIOMUX:128 TL-GMUX:128 TL-ASSP:128 TL-SYN_VCC:128 TL-SYN_GND:128
Not enough resources expand FPGA size to (39 x 35)
Complex block 0: 'u_qlal4s3b_cell_macro' (PB-ASSP) .
Complex block 1: 'delay_dffc_Q_9_D_LUT4_O_6.c_frag' (PB-LOGIC) ..
Complex block 2: 'delay_dffc_Q_9_D_LUT4_O_7.c_frag' (PB-LOGIC) .
Complex block 3: 'delay_dffc_Q_9_D_LUT4_O_8.c_frag' (PB-LOGIC) .
Complex block 4: 'delay_dffc_Q_9_D_LUT4_O_9.c_frag' (PB-LOGIC) .
Complex block 5: 'delay_dffc_Q_9_D_LUT4_O_10.c_frag' (PB-LOGIC) .
Complex block 6: 'delay_dffc_Q_9_D_LUT4_O_11.c_frag' (PB-LOGIC) .
Complex block 7: 'delay_dffc_Q_9_D_LUT4_O_12.c_frag' (PB-LOGIC) .
Complex block 8: 'delay_dffc_Q_9_D_LUT4_O_13.c_frag' (PB-LOGIC) .
Complex block 9: 'delay_dffc_Q_9_D_LUT4_O_14.c_frag' (PB-LOGIC) .
Complex block 10: 'delay_dffc_Q_9_D_LUT4_O_15.c_frag' (PB-LOGIC) .
Complex block 11: 'delay_dffc_Q_9_D_LUT4_O_16.c_frag' (PB-LOGIC) .
Complex block 12: 'delay_dffc_Q_9_D_LUT4_O_17.c_frag' (PB-LOGIC) .
Complex block 13: 'delay_dffc_Q_9_D_LUT4_O_18.c_frag' (PB-LOGIC) .
Complex block 14: 'delay_dffc_Q_9_D_LUT4_O_19.c_frag' (PB-LOGIC) .
Complex block 15: 'delay_dffc_Q_9_D_LUT4_O_20.c_frag' (PB-LOGIC) .
Complex block 16: 'delay_dffc_Q_9_D_LUT4_O_21.c_frag' (PB-LOGIC) .
Complex block 17: 'delay_dffc_Q_9_D_LUT4_O_1.c_frag' (PB-LOGIC) .
Complex block 18: 'delay_dffc_Q_9_D_LUT4_O_2.c_frag' (PB-LOGIC) .
Complex block 19: 'delay_dffc_Q_9_D_LUT4_O_3.c_frag' (PB-LOGIC) .
Complex block 20: 'delay_dffc_Q_9_D_LUT4_O_4.c_frag' (PB-LOGIC) .
Complex block 21: 'delay_dffc_Q_9_D_LUT4_O_5.c_frag' (PB-LOGIC) .
Complex block 22: 'delay_dffc_Q_9_D_LUT4_O.c_frag' (PB-LOGIC) .
Complex block 23: 'X_LUT3_I2.t_frag' (PB-LOGIC) ..
Complex block 24: 'delay_dffc_Q_9_D_LUT3_O.t_frag' (PB-LOGIC) ..
Complex block 25: 'delay_dffc_Q_9_D_LUT3_O_1.t_frag' (PB-LOGIC) ..
Complex block 26: 'delay_dffc_Q_9_D_LUT3_O_2.t_frag' (PB-LOGIC) ..
Complex block 27: 'Z_dffc_Q_D_LUT3_O.t_frag' (PB-LOGIC) ..
Complex block 28: 'X_LUT3_I0.t_frag' (PB-LOGIC) ..
Complex block 29: 'X_LUT3_I1.t_frag' (PB-LOGIC) ..
Complex block 30: '$iopadmap$pw_modulator.Z' (PB-BIDIR) .
Complex block 31: 'X' (PB-BIDIR) .
Complex block 32: 'delay_dffc_Q_9_D_LUT4_O_15_I0_LUT2_O_I1_LUT4_O.c_frag' (PB-LOGIC) .
Complex block 33: 'delay_dffc_Q_9_D_LUT4_O_18_I0_LUT2_O_I1_LUT4_O.c_frag' (PB-LOGIC) .
Complex block 34: 'delay_dffc_Q_9_D_LUT4_O_9_I0_LUT4_I1.c_frag' (PB-LOGIC) .
Complex block 35: 'fsm_clk_dffe_Q_EN_LUT3_O_I2_LUT4_O.c_frag' (PB-LOGIC) .
Complex block 36: 'delay_dffc_Q_9_D_LUT4_O_15_I0_LUT2_O_I1_LUT4_I3.c_frag' (PB-LOGIC) .
Complex block 37: 'delay_dffc_Q_9_D_LUT4_O_8_I0_LUT3_O_I2_LUT4_O.c_frag' (PB-LOGIC) .
Complex block 38: 'delay_dffc_Q_9_D_LUT4_O_6_I0_LUT2_O_I1_LUT4_O.c_frag' (PB-LOGIC) .
Complex block 39: 'delay_dffc_Q_9_D_LUT4_O_3_I0_LUT2_O_I1_LUT4_O.c_frag' (PB-LOGIC) .
Complex block 40: 'delay_dffc_Q_9_D_LUT4_O_3_I0_LUT2_O_I1_LUT4_I3.c_frag' (PB-LOGIC) .
Complex block 41: 'fsm_clk_dffe_Q_EN_LUT3_O_I0_LUT3_O_I2_LUT4_O.c_frag' (PB-LOGIC) .
Complex block 42: 'X_LUT3_I2_O_LUT3_O.t_frag' (PB-LOGIC) ...
Complex block 43: 'delay_dffc_Q_9_D_LUT4_O_12_I0_LUT3_I1.t_frag' (PB-LOGIC) ...
Complex block 44: 'delay_dffc_Q_9_D_LUT4_O_14_I0_LUT2_O_I1_LUT2_O.t_frag' (PB-LOGIC) ...
Complex block 45: 'delay_dffc_Q_9_D_LUT4_O_6_I0_LUT3_I0.t_frag' (PB-LOGIC) ...
Complex block 46: 'fsm_clk_dffe_Q_EN_LUT3_O.t_frag' (PB-LOGIC) ..
Complex block 47: 'delay_dffc_Q_9_D_LUT4_O_12_I0_LUT2_O.t_frag' (PB-LOGIC) ..
Complex block 48: 'delay_dffc_Q_9_D_LUT4_O_7_I0_LUT3_O.t_frag' (PB-LOGIC) ..
Complex block 49: 'delay_dffc_Q_9_D_LUT4_O_9_I0_LUT2_O.t_frag' (PB-LOGIC) ..
Complex block 50: 'delay_dffc_Q_9_D_LUT4_O_10_I0_LUT2_O.t_frag' (PB-LOGIC) ..
Complex block 51: 'delay_dffc_Q_9_D_LUT4_O_5_I0_LUT2_O_I1_LUT2_O.t_frag' (PB-LOGIC) ..
Complex block 52: 'delay_dffc_Q_9_D_LUT4_O_3_I0_LUT2_O.t_frag' (PB-LOGIC) ..
Complex block 53: 'fsm_clk_dffe_Q_EN_LUT3_O_I1_LUT2_O_I0_LUT3_O.t_frag' (PB-LOGIC) ..
Complex block 54: '$iopadmap$pw_modulator.fsm_clk' (PB-BIDIR) .
Complex block 55: 'delay_dffc_Q_9_D_LUT4_O_1_I0_LUT3_O.t_frag' (PB-LOGIC) ..
Complex block 56: 'delay_dffc_Q_9_D_LUT4_O_4_I0_LUT3_O.t_frag' (PB-LOGIC) ..
Complex block 57: 'reset' (PB-CLOCK) .
Complex block 58: 'X_LUT3_I1_I2_LUT3_O.t_frag' (PB-LOGIC) ..
Complex block 59: 'delay_dffc_Q_9_D_LUT4_O_13_I0_LUT3_O.t_frag' (PB-LOGIC) ..
Complex block 60: 'Z_dffc_Q_D_LUT3_O_I0_LUT3_O.t_frag' (PB-LOGIC) ..
Complex block 61: 'Z_dffc_Q_D_LUT3_O_I1_LUT3_O.t_frag' (PB-LOGIC) ..
Complex block 62: 'delay_dffc_Q_9_D_LUT4_O_16_I0_LUT3_O.t_frag' (PB-LOGIC) ..
Complex block 63: 'delay_dffc_Q_9_D_LUT4_O_18_I0_LUT2_O.t_frag' (PB-LOGIC) ..
Complex block 64: 'delay_dffc_Q_9_D_LUT4_O_19_I0_LUT2_O_I1_LUT3_O.t_frag' (PB-LOGIC) ..
Complex block 65: 'fsm_clk_dffe_Q_EN_LUT3_O_I2_LUT4_O_I3_LUT2_O.t_frag' (PB-LOGIC) ..
Complex block 66: '$auto$clkbufmap.cc:252:execute$2218.gmux' (PB-GMUX) .
Complex block 67: '$false' (PB-SYN_GND) .
Complex block 68: '$true' (PB-SYN_VCC) .
	EMPTY: # blocks: 0, average # input + clock pins used: 0, average # output pins used: 0
	PB-GMUX: # blocks: 1, average # input + clock pins used: 2, average # output pins used: 1
	PB-LOGIC: # blocks: 61, average # input + clock pins used: 16.3443, average # output pins used: 1.55738
	PB-CLOCK: # blocks: 1, average # input + clock pins used: 0, average # output pins used: 1
	PB-MULT: # blocks: 0, average # input + clock pins used: 0, average # output pins used: 0
	PB-SDIOMUX: # blocks: 0, average # input + clock pins used: 0, average # output pins used: 0
	PB-RAM: # blocks: 0, average # input + clock pins used: 0, average # output pins used: 0
	PB-SYN_VCC: # blocks: 1, average # input + clock pins used: 0, average # output pins used: 1
	PB-BIDIR: # blocks: 3, average # input + clock pins used: 2.66667, average # output pins used: 0.333333
	PB-SYN_GND: # blocks: 1, average # input + clock pins used: 0, average # output pins used: 1
	PB-ASSP: # blocks: 1, average # input + clock pins used: 161, average # output pins used: 1
Absorbed logical nets 33 out of 134 nets, 101 nets not absorbed.
Incr Slack updates 1 in 6.2038e-05 sec
Full Max Req/Worst Slack updates 1 in 2.3808e-05 sec
Incr Max Req/Worst Slack updates 0 in 0 sec
Incr Criticality updates 0 in 0 sec
Full Criticality updates 1 in 9.2808e-05 sec
FPGA sized to 39 x 35 (ql-eos-s3)
Device Utilization: 0.05 (target 1.00)
	Block Utilization: 0.20 Type: PB-GMUX
	Block Utilization: 0.07 Type: PB-LOGIC
	Block Utilization: 0.20 Type: PB-CLOCK
	Block Utilization: 1.00 Type: PB-SYN_VCC
	Block Utilization: 0.09 Type: PB-BIDIR
	Block Utilization: 1.00 Type: PB-SYN_GND
	Block Utilization: 1.00 Type: PB-ASSP


Netlist conversion complete.

# Packing took 0.21 seconds (max_rss 37.4 MiB, delta_rss +0.4 MiB)
# Load Packing
Begin loading packed FPGA netlist file.
Netlist generated from file 'pw_modulator.net'.
Detected 2 constant generators (to see names run with higher pack verbosity)
Finished loading packed FPGA netlist file (took 0.095841 seconds).
# Load Packing took 0.10 seconds (max_rss 38.4 MiB, delta_rss +1.0 MiB)
Warning 19: Netlist contains 0 global net to non-global architecture pin connections
Warning 20: Logic block #67 ($false) has only 1 output pin '$false.GND0_GND[0]'. It may be a constant generator.
Warning 21: Logic block #68 ($true) has only 1 output pin '$true.VCC0_VCC[0]'. It may be a constant generator.

Netlist num_nets: 101
Netlist num_blocks: 69
Netlist EMPTY blocks: 0.
Netlist PB-GMUX blocks: 1.
Netlist PB-LOGIC blocks: 61.
Netlist PB-CLOCK blocks: 1.
Netlist PB-MULT blocks: 0.
Netlist PB-SDIOMUX blocks: 0.
Netlist PB-RAM blocks: 0.
Netlist PB-SYN_VCC blocks: 1.
Netlist PB-BIDIR blocks: 3.
Netlist PB-SYN_GND blocks: 1.
Netlist PB-ASSP blocks: 1.
Netlist inputs pins: 2
Netlist output pins: 8


Pb types usage...
  PB-GMUX           : 1
   GMUX             : 1
    IP              : 1
     gmux           : 1
  PB-LOGIC          : 61
   LOGIC            : 61
    FRAGS           : 61
     c_frag_modes   : 61
      SINGLE        : 32
       c_frag       : 32
      SPLIT         : 29
       b_frag       : 29
       t_frag       : 29
     f_frag         : 1
     q_frag_modes   : 33
      INT           : 30
       q_frag       : 30
      EXT           : 3
       q_frag       : 3
  PB-CLOCK          : 1
   CLOCK            : 1
    clock_buf       : 1
    inpad           : 1
  PB-SYN_VCC        : 1
   VCC              : 1
  PB-BIDIR          : 3
   BIDIR            : 3
    INPUT           : 1
     bidir          : 1
     inpad          : 1
    OUTPUT          : 2
     bidir          : 2
     outpad         : 2
  PB-SYN_GND        : 1
   GND              : 1
  PB-ASSP           : 1
   ASSP             : 1

# Create Device
## Build Device Grid
FPGA sized to 39 x 35: 1365 grid tiles (ql-eos-s3)

Resource usage...
	Netlist
		1	blocks of type: PB-GMUX
	Architecture
		5	blocks of type: TL-GMUX
	Netlist
		61	blocks of type: PB-LOGIC
	Architecture
		891	blocks of type: TL-LOGIC
	Netlist
		1	blocks of type: PB-CLOCK
	Architecture
		5	blocks of type: TL-CLOCK
	Netlist
		0	blocks of type: PB-MULT
	Architecture
		2	blocks of type: TL-MULT
	Netlist
		0	blocks of type: PB-SDIOMUX
	Architecture
		14	blocks of type: TL-SDIOMUX
	Netlist
		0	blocks of type: PB-RAM
	Architecture
		4	blocks of type: TL-RAM
	Netlist
		1	blocks of type: PB-SYN_VCC
	Architecture
		1	blocks of type: TL-SYN_VCC
	Netlist
		3	blocks of type: PB-BIDIR
	Architecture
		32	blocks of type: TL-BIDIR
	Netlist
		1	blocks of type: PB-SYN_GND
	Architecture
		1	blocks of type: TL-SYN_GND
	Netlist
		1	blocks of type: PB-ASSP
	Architecture
		1	blocks of type: TL-ASSP

Device Utilization: 0.05 (target 1.00)
	Physical Tile TL-LOGIC:
	Block Utilization: 0.07 Logical Block: PB-LOGIC
	Physical Tile TL-RAM:
	Block Utilization: 0.00 Logical Block: PB-RAM
	Physical Tile TL-MULT:
	Block Utilization: 0.00 Logical Block: PB-MULT
	Physical Tile TL-BIDIR:
	Block Utilization: 0.09 Logical Block: PB-BIDIR
	Physical Tile TL-CLOCK:
	Block Utilization: 0.20 Logical Block: PB-CLOCK
	Physical Tile TL-SDIOMUX:
	Block Utilization: 0.00 Logical Block: PB-SDIOMUX
	Physical Tile TL-GMUX:
	Block Utilization: 0.20 Logical Block: PB-GMUX
	Physical Tile TL-ASSP:
	Block Utilization: 1.00 Logical Block: PB-ASSP
	Physical Tile TL-SYN_VCC:
	Block Utilization: 1.00 Logical Block: PB-SYN_VCC
	Physical Tile TL-SYN_GND:
	Block Utilization: 1.00 Logical Block: PB-SYN_GND

## Build Device Grid took 0.02 seconds (max_rss 38.5 MiB, delta_rss +0.0 MiB)
## Loading routing resource graph



Warning 22: This architecture version is for VPR 8.1.0-dev+5ff861344 while your current VPR version is 8.1.0-dev+dadca7ecf compatability issues may arise

## Loading routing resource graph took 3.50 seconds (max_rss 441.7 MiB, delta_rss +403.1 MiB)
  RR Graph Nodes: 1396446
  RR Graph Edges: 2337988
# Create Device took 7.26 seconds (max_rss 441.7 MiB, delta_rss +403.1 MiB)


Flow timing analysis took 0.00116119 seconds (0.000952077 STA, 0.000209115 slack) (1 full updates: 1 setup, 0 hold, 0 combined).
VPR succeeded
The entire flow of VPR took 9.57 seconds (max_rss 441.7 MiB)
