#Packing pin usage report
Type: PB-GMUX
	Input Pin Usage:
		Max: 2.00 (0.67)
		Avg: 2.00 (0.67)
		Min: 2.00 (0.67)
		Histogram:
		[        0:      0.3) 0 (  0.0%) |
		[      0.3:      0.6) 0 (  0.0%) |
		[      0.6:      0.9) 0 (  0.0%) |
		[      0.9:      1.2) 0 (  0.0%) |
		[      1.2:      1.5) 0 (  0.0%) |
		[      1.5:      1.8) 0 (  0.0%) |
		[      1.8:      2.1) 1 (100.0%) |**************************************************
		[      2.1:      2.4) 0 (  0.0%) |
		[      2.4:      2.7) 0 (  0.0%) |
		[      2.7:        3) 0 (  0.0%) |
	Output Pin Usage:
		Max: 1.00 (1.00)
		Avg: 1.00 (1.00)
		Min: 1.00 (1.00)
		Histogram:
		[        0:      0.1) 0 (  0.0%) |
		[      0.1:      0.2) 0 (  0.0%) |
		[      0.2:      0.3) 0 (  0.0%) |
		[      0.3:      0.4) 0 (  0.0%) |
		[      0.4:      0.5) 0 (  0.0%) |
		[      0.5:      0.6) 0 (  0.0%) |
		[      0.6:      0.7) 0 (  0.0%) |
		[      0.7:      0.8) 0 (  0.0%) |
		[      0.8:      0.9) 0 (  0.0%) |
		[      0.9:        1) 1 (100.0%) |**************************************************

Type: PB-LOGIC
	Input Pin Usage:
		Max: 22.00 (0.96)
		Avg: 16.34 (0.71)
		Min: 13.00 (0.57)
		Histogram:
		[        0:      2.3)  0 (  0.0%) |
		[      2.3:      4.6)  0 (  0.0%) |
		[      4.6:      6.9)  0 (  0.0%) |
		[      6.9:      9.2)  0 (  0.0%) |
		[      9.2:       12)  0 (  0.0%) |
		[       12:       14) 28 ( 45.9%) |******************************************
		[       14:       16)  0 (  0.0%) |
		[       16:       18)  0 (  0.0%) |
		[       18:       21) 32 ( 52.5%) |************************************************
		[       21:       23)  1 (  1.6%) |**
	Output Pin Usage:
		Max: 3.00 (0.75)
		Avg: 1.56 (0.39)
		Min: 1.00 (0.25)
		Histogram:
		[        0:      0.4)  0 (  0.0%) |
		[      0.4:      0.8)  0 (  0.0%) |
		[      0.8:      1.2) 31 ( 50.8%) |************************************************
		[      1.2:      1.6)  0 (  0.0%) |
		[      1.6:        2) 26 ( 42.6%) |****************************************
		[        2:      2.4)  0 (  0.0%) |
		[      2.4:      2.8)  0 (  0.0%) |
		[      2.8:      3.2)  4 (  6.6%) |******
		[      3.2:      3.6)  0 (  0.0%) |
		[      3.6:        4)  0 (  0.0%) |

Type: PB-CLOCK
	Input Pin Usage:
		Max: 0.00 (nan)
		Avg: 0.00 (nan)
		Min: 0.00 (nan)
	Output Pin Usage:
		Max: 1.00 (1.00)
		Avg: 1.00 (1.00)
		Min: 1.00 (1.00)
		Histogram:
		[        0:      0.1) 0 (  0.0%) |
		[      0.1:      0.2) 0 (  0.0%) |
		[      0.2:      0.3) 0 (  0.0%) |
		[      0.3:      0.4) 0 (  0.0%) |
		[      0.4:      0.5) 0 (  0.0%) |
		[      0.5:      0.6) 0 (  0.0%) |
		[      0.6:      0.7) 0 (  0.0%) |
		[      0.7:      0.8) 0 (  0.0%) |
		[      0.8:      0.9) 0 (  0.0%) |
		[      0.9:        1) 1 (100.0%) |**************************************************

Type: PB-SYN_VCC
	Input Pin Usage:
		Max: 0.00 (nan)
		Avg: 0.00 (nan)
		Min: 0.00 (nan)
	Output Pin Usage:
		Max: 1.00 (1.00)
		Avg: 1.00 (1.00)
		Min: 1.00 (1.00)
		Histogram:
		[        0:      0.1) 0 (  0.0%) |
		[      0.1:      0.2) 0 (  0.0%) |
		[      0.2:      0.3) 0 (  0.0%) |
		[      0.3:      0.4) 0 (  0.0%) |
		[      0.4:      0.5) 0 (  0.0%) |
		[      0.5:      0.6) 0 (  0.0%) |
		[      0.6:      0.7) 0 (  0.0%) |
		[      0.7:      0.8) 0 (  0.0%) |
		[      0.8:      0.9) 0 (  0.0%) |
		[      0.9:        1) 1 (100.0%) |**************************************************

Type: PB-BIDIR
	Input Pin Usage:
		Max: 3.00 (0.38)
		Avg: 2.67 (0.33)
		Min: 2.00 (0.25)
		Histogram:
		[        0:      0.8) 0 (  0.0%) |
		[      0.8:      1.6) 0 (  0.0%) |
		[      1.6:      2.4) 1 ( 33.3%) |*************************
		[      2.4:      3.2) 2 ( 66.7%) |*************************************************
		[      3.2:        4) 0 (  0.0%) |
		[        4:      4.8) 0 (  0.0%) |
		[      4.8:      5.6) 0 (  0.0%) |
		[      5.6:      6.4) 0 (  0.0%) |
		[      6.4:      7.2) 0 (  0.0%) |
		[      7.2:        8) 0 (  0.0%) |
	Output Pin Usage:
		Max: 1.00 (0.50)
		Avg: 0.33 (0.17)
		Min: 0.00 (0.00)
		Histogram:
		[        0:      0.2) 2 ( 66.7%) |*************************************************
		[      0.2:      0.4) 0 (  0.0%) |
		[      0.4:      0.6) 0 (  0.0%) |
		[      0.6:      0.8) 0 (  0.0%) |
		[      0.8:        1) 1 ( 33.3%) |*************************
		[        1:      1.2) 0 (  0.0%) |
		[      1.2:      1.4) 0 (  0.0%) |
		[      1.4:      1.6) 0 (  0.0%) |
		[      1.6:      1.8) 0 (  0.0%) |
		[      1.8:        2) 0 (  0.0%) |

Type: PB-SYN_GND
	Input Pin Usage:
		Max: 0.00 (nan)
		Avg: 0.00 (nan)
		Min: 0.00 (nan)
	Output Pin Usage:
		Max: 1.00 (1.00)
		Avg: 1.00 (1.00)
		Min: 1.00 (1.00)
		Histogram:
		[        0:      0.1) 0 (  0.0%) |
		[      0.1:      0.2) 0 (  0.0%) |
		[      0.2:      0.3) 0 (  0.0%) |
		[      0.3:      0.4) 0 (  0.0%) |
		[      0.4:      0.5) 0 (  0.0%) |
		[      0.5:      0.6) 0 (  0.0%) |
		[      0.6:      0.7) 0 (  0.0%) |
		[      0.7:      0.8) 0 (  0.0%) |
		[      0.8:      0.9) 0 (  0.0%) |
		[      0.9:        1) 1 (100.0%) |**************************************************

Type: PB-ASSP
	Input Pin Usage:
		Max: 161.00 (1.00)
		Avg: 161.00 (1.00)
		Min: 161.00 (1.00)
		Histogram:
		[        0:       16) 0 (  0.0%) |
		[       16:       32) 0 (  0.0%) |
		[       32:       48) 0 (  0.0%) |
		[       48:       64) 0 (  0.0%) |
		[       64:       80) 0 (  0.0%) |
		[       80:       97) 0 (  0.0%) |
		[       97:  1.1e+02) 0 (  0.0%) |
		[  1.1e+02:  1.3e+02) 0 (  0.0%) |
		[  1.3e+02:  1.4e+02) 0 (  0.0%) |
		[  1.4e+02:  1.6e+02) 1 (100.0%) |**************************************************
	Output Pin Usage:
		Max: 1.00 (0.01)
		Avg: 1.00 (0.01)
		Min: 1.00 (0.01)
		Histogram:
		[        0:       14) 1 (100.0%) |**************************************************
		[       14:       28) 0 (  0.0%) |
		[       28:       42) 0 (  0.0%) |
		[       42:       56) 0 (  0.0%) |
		[       56:       70) 0 (  0.0%) |
		[       70:       85) 0 (  0.0%) |
		[       85:       99) 0 (  0.0%) |
		[       99:  1.1e+02) 0 (  0.0%) |
		[  1.1e+02:  1.3e+02) 0 (  0.0%) |
		[  1.3e+02:  1.4e+02) 0 (  0.0%) |

