
AVRA   Ver. 1.3.0 logic_op.asm Sun Aug 14 15:59:53 2022


         ; logic_op.asm
          .list
         
          .equ val1 = 0b11001010
          .equ val2 = 0b11000101
         
         ; making pins output
C:000000 e30c      ldi r16, 0b00111100
C:000001 b90a      out DDRD, r16
         
         ; logic operation
C:000002 ec0a      ldi r16, val1
C:000003 ec15      ldi r17, val2
C:000004 2301      and r16, r17
         ; or r16, r17
         ; eor r16, r17
         
         ; left shift
C:000005 e012      ldi r17, 0x02
          loop_shift:
C:000006 0f00      lsl r16
C:000007 951a      dec r17
C:000008 f7e9      brne loop_shift
C:000009 b90b      out PORTD, r16
         
          start:
C:00000a cfff      rjmp start


Segment usage:
   Code      :        11 words (22 bytes)
   Data      :         0 bytes
   EEPROM    :         0 bytes

Assembly completed with no errors.
