This is pdfTeX, Version 3.141592653-2.6-1.40.22 (TeX Live 2022/dev/Debian) (preloaded format=pdflatex 2022.8.29)  27 DEC 2022 12:04
entering extended mode
 restricted \write18 enabled.
 %&-line parsing enabled.
**main.tex
(./main.tex
LaTeX2e <2021-11-15> patch level 1
L3 programming layer <2022-01-21>
(/usr/share/texlive/texmf-dist/tex/latex/ieeetran/IEEEtran.cls
Document Class: IEEEtran 2015/08/26 V1.8b by Michael Shell
-- See the "IEEEtran_HOWTO" manual for usage information.
-- http://www.michaelshell.org/tex/ieeetran/
\@IEEEtrantmpdimenA=\dimen138
\@IEEEtrantmpdimenB=\dimen139
\@IEEEtrantmpdimenC=\dimen140
\@IEEEtrantmpcountA=\count185
\@IEEEtrantmpcountB=\count186
\@IEEEtrantmpcountC=\count187
\@IEEEtrantmptoksA=\toks16
LaTeX Font Info:    Trying to load font information for OT1+ptm on input line 5
03.
(/usr/share/texlive/texmf-dist/tex/latex/psnfss/ot1ptm.fd
File: ot1ptm.fd 2001/06/04 font definitions for OT1/ptm.
)
-- Using 8.5in x 11in (letter) paper.
-- Using PDF output.
\@IEEEnormalsizeunitybaselineskip=\dimen141
-- This is a 10 point document.
\CLASSINFOnormalsizebaselineskip=\dimen142
\CLASSINFOnormalsizeunitybaselineskip=\dimen143
\IEEEnormaljot=\dimen144
LaTeX Font Info:    Font shape `OT1/ptm/bx/n' in size <5> not available
(Font)              Font shape `OT1/ptm/b/n' tried instead on input line 1090.
LaTeX Font Info:    Font shape `OT1/ptm/bx/it' in size <5> not available
(Font)              Font shape `OT1/ptm/b/it' tried instead on input line 1090.

LaTeX Font Info:    Font shape `OT1/ptm/bx/n' in size <7> not available
(Font)              Font shape `OT1/ptm/b/n' tried instead on input line 1090.
LaTeX Font Info:    Font shape `OT1/ptm/bx/it' in size <7> not available
(Font)              Font shape `OT1/ptm/b/it' tried instead on input line 1090.

LaTeX Font Info:    Font shape `OT1/ptm/bx/n' in size <8> not available
(Font)              Font shape `OT1/ptm/b/n' tried instead on input line 1090.
LaTeX Font Info:    Font shape `OT1/ptm/bx/it' in size <8> not available
(Font)              Font shape `OT1/ptm/b/it' tried instead on input line 1090.

LaTeX Font Info:    Font shape `OT1/ptm/bx/n' in size <9> not available
(Font)              Font shape `OT1/ptm/b/n' tried instead on input line 1090.
LaTeX Font Info:    Font shape `OT1/ptm/bx/it' in size <9> not available
(Font)              Font shape `OT1/ptm/b/it' tried instead on input line 1090.

LaTeX Font Info:    Font shape `OT1/ptm/bx/n' in size <10> not available
(Font)              Font shape `OT1/ptm/b/n' tried instead on input line 1090.
LaTeX Font Info:    Font shape `OT1/ptm/bx/it' in size <10> not available
(Font)              Font shape `OT1/ptm/b/it' tried instead on input line 1090.

LaTeX Font Info:    Font shape `OT1/ptm/bx/n' in size <11> not available
(Font)              Font shape `OT1/ptm/b/n' tried instead on input line 1090.
LaTeX Font Info:    Font shape `OT1/ptm/bx/it' in size <11> not available
(Font)              Font shape `OT1/ptm/b/it' tried instead on input line 1090.

LaTeX Font Info:    Font shape `OT1/ptm/bx/n' in size <12> not available
(Font)              Font shape `OT1/ptm/b/n' tried instead on input line 1090.
LaTeX Font Info:    Font shape `OT1/ptm/bx/it' in size <12> not available
(Font)              Font shape `OT1/ptm/b/it' tried instead on input line 1090.

LaTeX Font Info:    Font shape `OT1/ptm/bx/n' in size <17> not available
(Font)              Font shape `OT1/ptm/b/n' tried instead on input line 1090.
LaTeX Font Info:    Font shape `OT1/ptm/bx/it' in size <17> not available
(Font)              Font shape `OT1/ptm/b/it' tried instead on input line 1090.

LaTeX Font Info:    Font shape `OT1/ptm/bx/n' in size <20> not available
(Font)              Font shape `OT1/ptm/b/n' tried instead on input line 1090.
LaTeX Font Info:    Font shape `OT1/ptm/bx/it' in size <20> not available
(Font)              Font shape `OT1/ptm/b/it' tried instead on input line 1090.

LaTeX Font Info:    Font shape `OT1/ptm/bx/n' in size <24> not available
(Font)              Font shape `OT1/ptm/b/n' tried instead on input line 1090.
LaTeX Font Info:    Font shape `OT1/ptm/bx/it' in size <24> not available
(Font)              Font shape `OT1/ptm/b/it' tried instead on input line 1090.

\IEEEquantizedlength=\dimen145
\IEEEquantizedlengthdiff=\dimen146
\IEEEquantizedtextheightdiff=\dimen147
\IEEEilabelindentA=\dimen148
\IEEEilabelindentB=\dimen149
\IEEEilabelindent=\dimen150
\IEEEelabelindent=\dimen151
\IEEEdlabelindent=\dimen152
\IEEElabelindent=\dimen153
\IEEEiednormlabelsep=\dimen154
\IEEEiedmathlabelsep=\dimen155
\IEEEiedtopsep=\skip47
\c@section=\count188
\c@subsection=\count189
\c@subsubsection=\count190
\c@paragraph=\count191
\c@IEEEsubequation=\count192
\abovecaptionskip=\skip48
\belowcaptionskip=\skip49
\c@figure=\count193
\c@table=\count194
\@IEEEeqnnumcols=\count195
\@IEEEeqncolcnt=\count196
\@IEEEsubeqnnumrollback=\count197
\@IEEEquantizeheightA=\dimen156
\@IEEEquantizeheightB=\dimen157
\@IEEEquantizeheightC=\dimen158
\@IEEEquantizeprevdepth=\dimen159
\@IEEEquantizemultiple=\count198
\@IEEEquantizeboxA=\box50
\@IEEEtmpitemindent=\dimen160
\IEEEPARstartletwidth=\dimen161
\c@IEEEbiography=\count199
\@IEEEtranrubishbin=\box51
) (/usr/share/texlive/texmf-dist/tex/latex/graphics/graphicx.sty
Package: graphicx 2021/09/16 v1.2d Enhanced LaTeX Graphics (DPC,SPQR)

(/usr/share/texlive/texmf-dist/tex/latex/graphics/keyval.sty
Package: keyval 2014/10/28 v1.15 key=value parser (DPC)
\KV@toks@=\toks17
)
(/usr/share/texlive/texmf-dist/tex/latex/graphics/graphics.sty
Package: graphics 2021/03/04 v1.4d Standard LaTeX Graphics (DPC,SPQR)

(/usr/share/texlive/texmf-dist/tex/latex/graphics/trig.sty
Package: trig 2021/08/11 v1.11 sin cos tan (DPC)
)
(/usr/share/texlive/texmf-dist/tex/latex/graphics-cfg/graphics.cfg
File: graphics.cfg 2016/06/04 v1.11 sample graphics configuration
)
Package graphics Info: Driver file: pdftex.def on input line 107.

(/usr/share/texlive/texmf-dist/tex/latex/graphics-def/pdftex.def
File: pdftex.def 2020/10/05 v1.2a Graphics/color driver for pdftex
))
\Gin@req@height=\dimen162
\Gin@req@width=\dimen163
)
(/usr/share/texlive/texmf-dist/tex/latex/geometry/geometry.sty
Package: geometry 2020/01/02 v5.9 Page Geometry

(/usr/share/texlive/texmf-dist/tex/generic/iftex/ifvtex.sty
Package: ifvtex 2019/10/25 v1.7 ifvtex legacy package. Use iftex instead.

(/usr/share/texlive/texmf-dist/tex/generic/iftex/iftex.sty
Package: iftex 2020/03/06 v1.0d TeX engine tests
))
\Gm@cnth=\count266
\Gm@cntv=\count267
\c@Gm@tempcnt=\count268
\Gm@bindingoffset=\dimen164
\Gm@wd@mp=\dimen165
\Gm@odd@mp=\dimen166
\Gm@even@mp=\dimen167
\Gm@layoutwidth=\dimen168
\Gm@layoutheight=\dimen169
\Gm@layouthoffset=\dimen170
\Gm@layoutvoffset=\dimen171
\Gm@dimlist=\toks18
)
(/usr/share/texlive/texmf-dist/tex/latex/amsmath/amsmath.sty
Package: amsmath 2021/10/15 v2.17l AMS math features
\@mathmargin=\skip50

For additional information on amsmath, use the `?' option.
(/usr/share/texlive/texmf-dist/tex/latex/amsmath/amstext.sty
Package: amstext 2021/08/26 v2.01 AMS text

(/usr/share/texlive/texmf-dist/tex/latex/amsmath/amsgen.sty
File: amsgen.sty 1999/11/30 v2.0 generic functions
\@emptytoks=\toks19
\ex@=\dimen172
))
(/usr/share/texlive/texmf-dist/tex/latex/amsmath/amsbsy.sty
Package: amsbsy 1999/11/29 v1.2d Bold Symbols
\pmbraise@=\dimen173
)
(/usr/share/texlive/texmf-dist/tex/latex/amsmath/amsopn.sty
Package: amsopn 2021/08/26 v2.02 operator names
)
\inf@bad=\count269
LaTeX Info: Redefining \frac on input line 234.
\uproot@=\count270
\leftroot@=\count271
LaTeX Info: Redefining \overline on input line 399.
\classnum@=\count272
\DOTSCASE@=\count273
LaTeX Info: Redefining \ldots on input line 496.
LaTeX Info: Redefining \dots on input line 499.
LaTeX Info: Redefining \cdots on input line 620.
\Mathstrutbox@=\box52
\strutbox@=\box53
\big@size=\dimen174
LaTeX Font Info:    Redeclaring font encoding OML on input line 743.
LaTeX Font Info:    Redeclaring font encoding OMS on input line 744.
\macc@depth=\count274
\c@MaxMatrixCols=\count275
\dotsspace@=\muskip16
\c@parentequation=\count276
\dspbrk@lvl=\count277
\tag@help=\toks20
\row@=\count278
\column@=\count279
\maxfields@=\count280
\andhelp@=\toks21
\eqnshift@=\dimen175
\alignsep@=\dimen176
\tagshift@=\dimen177
\tagwidth@=\dimen178
\totwidth@=\dimen179
\lineht@=\dimen180
\@envbody=\toks22
\multlinegap=\skip51
\multlinetaggap=\skip52
\mathdisplay@stack=\toks23
LaTeX Info: Redefining \[ on input line 2938.
LaTeX Info: Redefining \] on input line 2939.
)
(/usr/share/texlive/texmf-dist/tex/latex/amsfonts/amssymb.sty
Package: amssymb 2013/01/14 v3.01 AMS font symbols

(/usr/share/texlive/texmf-dist/tex/latex/amsfonts/amsfonts.sty
Package: amsfonts 2013/01/14 v3.01 Basic AMSFonts support
\symAMSa=\mathgroup4
\symAMSb=\mathgroup5
LaTeX Font Info:    Redeclaring math symbol \hbar on input line 98.
LaTeX Font Info:    Overwriting math alphabet `\mathfrak' in version `bold'
(Font)                  U/euf/m/n --> U/euf/b/n on input line 106.
))
(/usr/share/texlive/texmf-dist/tex/latex/tools/array.sty
Package: array 2021/10/04 v2.5f Tabular extension package (FMi)
\col@sep=\dimen181
\ar@mcellbox=\box54
\extrarowheight=\dimen182
\NC@list=\toks24
\extratabsurround=\skip53
\backup@length=\skip54
\ar@cellbox=\box55
)
(/usr/share/texlive/texmf-dist/tex/latex/booktabs/booktabs.sty
Package: booktabs 2020/01/12 v1.61803398 Publication quality tables
\heavyrulewidth=\dimen183
\lightrulewidth=\dimen184
\cmidrulewidth=\dimen185
\belowrulesep=\dimen186
\belowbottomsep=\dimen187
\aboverulesep=\dimen188
\abovetopsep=\dimen189
\cmidrulesep=\dimen190
\cmidrulekern=\dimen191
\defaultaddspace=\dimen192
\@cmidla=\count281
\@cmidlb=\count282
\@aboverulesep=\dimen193
\@belowrulesep=\dimen194
\@thisruleclass=\count283
\@lastruleclass=\count284
\@thisrulewidth=\dimen195
)
(/usr/share/texlive/texmf-dist/tex/latex/mathtools/mathtools.sty
Package: mathtools 2021/02/02 v1.28 mathematical typesetting tools

(/usr/share/texlive/texmf-dist/tex/latex/tools/calc.sty
Package: calc 2017/05/25 v4.3 Infix arithmetic (KKT,FJ)
\calc@Acount=\count285
\calc@Bcount=\count286
\calc@Adimen=\dimen196
\calc@Bdimen=\dimen197
\calc@Askip=\skip55
\calc@Bskip=\skip56
LaTeX Info: Redefining \setlength on input line 80.
LaTeX Info: Redefining \addtolength on input line 81.
\calc@Ccount=\count287
\calc@Cskip=\skip57
)
(/usr/share/texlive/texmf-dist/tex/latex/mathtools/mhsetup.sty
Package: mhsetup 2021/03/18 v1.4 programming setup (MH)
)
\g_MT_multlinerow_int=\count288
\l_MT_multwidth_dim=\dimen198
\origjot=\skip58
\l_MT_shortvdotswithinadjustabove_dim=\dimen199
\l_MT_shortvdotswithinadjustbelow_dim=\dimen256
\l_MT_above_intertext_sep=\dimen257
\l_MT_below_intertext_sep=\dimen258
\l_MT_above_shortintertext_sep=\dimen259
\l_MT_below_shortintertext_sep=\dimen260
\xmathstrut@box=\box56
\xmathstrut@dim=\dimen261
)
(/usr/share/texlive/texmf-dist/tex/generic/dirtree/dirtree.sty
Package: dirtree 2012/12/11 v0.32 package wrapper for dirtree

(/usr/share/texlive/texmf-dist/tex/generic/dirtree/dirtree.tex
`dirtree' v0.32, 2012/12/11 (jcc)
\DT@offset=\dimen262
\DT@width=\dimen263
\DT@sep=\dimen264
\DT@all=\dimen265
\DT@rulewidth=\dimen266
\DT@dotwidth=\dimen267
\DTbaselineskip=\dimen268
\DT@counti=\count289
\DT@countii=\count290
\DT@countiii=\count291
\DT@countiv=\count292
\DT@indent=\dimen269
\DT@parskip=\dimen270
\DT@baselineskip=\dimen271
)
File: dirtree.tex 2012/12/11 v0.32 `dirtree' (jcc)
)
(/usr/share/texlive/texmf-dist/tex/latex/xcolor/xcolor.sty
Package: xcolor 2021/10/31 v2.13 LaTeX color extensions (UK)

(/usr/share/texlive/texmf-dist/tex/latex/graphics-cfg/color.cfg
File: color.cfg 2016/01/02 v1.6 sample color configuration
)
Package xcolor Info: Driver file: pdftex.def on input line 227.
Package xcolor Info: Model `cmy' substituted by `cmy0' on input line 1352.
Package xcolor Info: Model `hsb' substituted by `rgb' on input line 1356.
Package xcolor Info: Model `RGB' extended on input line 1368.
Package xcolor Info: Model `HTML' substituted by `rgb' on input line 1370.
Package xcolor Info: Model `Hsb' substituted by `hsb' on input line 1371.
Package xcolor Info: Model `tHsb' substituted by `hsb' on input line 1372.
Package xcolor Info: Model `HSB' substituted by `hsb' on input line 1373.
Package xcolor Info: Model `Gray' substituted by `gray' on input line 1374.
Package xcolor Info: Model `wave' substituted by `hsb' on input line 1375.
)
(/usr/share/texlive/texmf-dist/tex/latex/float/float.sty
Package: float 2001/11/08 v1.3d Float enhancements (AL)
\c@float@type=\count293
\float@exts=\toks25
\float@box=\box57
\@float@everytoks=\toks26
\@floatcapt=\box58
)
(/usr/share/texlive/texmf-dist/tex/latex/caption/caption.sty
Package: caption 2020/10/26 v3.5g Customizing captions (AR)

(/usr/share/texlive/texmf-dist/tex/latex/caption/caption3.sty
Package: caption3 2020/10/21 v2.2e caption3 kernel (AR)
\captionmargin=\dimen272
\captionmargin@=\dimen273
\captionwidth=\dimen274
\caption@tempdima=\dimen275
\caption@indent=\dimen276
\caption@parindent=\dimen277
\caption@hangindent=\dimen278
Package caption Info: Unknown document class (or package),
(caption)             standard defaults will be used.
Package caption Info: \@makecaption = \long macro:#1#2->\ifx \@captype \@IEEEta
blestring \footnotesize \bgroup \par \centering \@IEEEtabletopskipstrut {\norma
lfont \footnotesize #1}\\{\normalfont \footnotesize \scshape #2}\par \addvspace
 {0.5\baselineskip }\egroup \@IEEEtablecaptionsepspace \else \@IEEEfigurecaptio
nsepspace \setbox \@tempboxa \hbox {\normalfont \footnotesize {#1.}\nobreakspac
e \nobreakspace #2}\ifdim \wd \@tempboxa >\hsize \setbox \@tempboxa \hbox {\nor
malfont \footnotesize {#1.}\nobreakspace \nobreakspace }\parbox [t]{\hsize }{\n
ormalfont \footnotesize \noindent \unhbox \@tempboxa #2}\else \ifCLASSOPTIONcon
ference \hbox to\hsize {\normalfont \footnotesize \hfil \box \@tempboxa \hfil }
\else \hbox to\hsize {\normalfont \footnotesize \box \@tempboxa \hfil }\fi \fi 
\fi  on input line 1139.
)

Package caption Warning: Unknown document class (or package),
(caption)                standard defaults will be used.
See the caption package documentation for explanation.

\c@caption@flags=\count294
\c@continuedfloat=\count295
Package caption Info: float package is loaded.
) (/usr/share/texlive/texmf-dist/tex/latex/enumitem/enumitem.sty
Package: enumitem 2019/06/20 v3.9 Customized lists
\labelindent=\skip59
\enit@outerparindent=\dimen279
\enit@toks=\toks27
\enit@inbox=\box59
\enit@count@id=\count296
\enitdp@description=\count297
)
(/usr/share/texlive/texmf-dist/tex/latex/listings/listings.sty
\lst@mode=\count298
\lst@gtempboxa=\box60
\lst@token=\toks28
\lst@length=\count299
\lst@currlwidth=\dimen280
\lst@column=\count300
\lst@pos=\count301
\lst@lostspace=\dimen281
\lst@width=\dimen282
\lst@newlines=\count302
\lst@lineno=\count303
\lst@maxwidth=\dimen283

(/usr/share/texlive/texmf-dist/tex/latex/listings/lstmisc.sty
File: lstmisc.sty 2020/03/24 1.8d (Carsten Heinz)
\c@lstnumber=\count304
\lst@skipnumbers=\count305
\lst@framebox=\box61
)
(/usr/share/texlive/texmf-dist/tex/latex/listings/listings.cfg
File: listings.cfg 2020/03/24 1.8d listings configuration
))
Package: listings 2020/03/24 1.8d (Carsten Heinz)

(/usr/share/texlive/texmf-dist/tex/latex/fancyvrb/fancyvrb.sty
Package: fancyvrb 2021/12/21 4.1b verbatim text (tvz,hv)
\FV@CodeLineNo=\count306
\FV@InFile=\read2
\FV@TabBox=\box62
\c@FancyVerbLine=\count307
\FV@StepNumber=\count308
\FV@OutFile=\write3
)
\c@Chapcounter=\count309

(/usr/share/texlive/texmf-dist/tex/latex/l3backend/l3backend-pdftex.def
File: l3backend-pdftex.def 2022-01-12 L3 backend support: PDF output (pdfTeX)
\l__color_backend_stack_int=\count310
\l__pdf_internal_box=\box63
)
(./main.aux)
\openout1 = `main.aux'.

LaTeX Font Info:    Checking defaults for OML/cmm/m/it on input line 88.
LaTeX Font Info:    ... okay on input line 88.
LaTeX Font Info:    Checking defaults for OMS/cmsy/m/n on input line 88.
LaTeX Font Info:    ... okay on input line 88.
LaTeX Font Info:    Checking defaults for OT1/cmr/m/n on input line 88.
LaTeX Font Info:    ... okay on input line 88.
LaTeX Font Info:    Checking defaults for T1/cmr/m/n on input line 88.
LaTeX Font Info:    ... okay on input line 88.
LaTeX Font Info:    Checking defaults for TS1/cmr/m/n on input line 88.
LaTeX Font Info:    ... okay on input line 88.
LaTeX Font Info:    Checking defaults for OMX/cmex/m/n on input line 88.
LaTeX Font Info:    ... okay on input line 88.
LaTeX Font Info:    Checking defaults for U/cmr/m/n on input line 88.
LaTeX Font Info:    ... okay on input line 88.

-- Lines per column: 60 (approximate, difference = 2.7pt).
(/usr/share/texlive/texmf-dist/tex/context/base/mkii/supp-pdf.mkii
[Loading MPS to PDF converter (version 2006.09.02).]
\scratchcounter=\count311
\scratchdimen=\dimen284
\scratchbox=\box64
\nofMPsegments=\count312
\nofMParguments=\count313
\everyMPshowfont=\toks29
\MPscratchCnt=\count314
\MPscratchDim=\dimen285
\MPnumerator=\count315
\makeMPintoPDFobject=\count316
\everyMPtoPDFconversion=\toks30
) (/usr/share/texlive/texmf-dist/tex/latex/epstopdf-pkg/epstopdf-base.sty
Package: epstopdf-base 2020-01-24 v2.11 Base part for package epstopdf
Package epstopdf-base Info: Redefining graphics rule for `.eps' on input line 4
85.

(/usr/share/texlive/texmf-dist/tex/latex/latexconfig/epstopdf-sys.cfg
File: epstopdf-sys.cfg 2010/07/13 v1.3 Configuration of (r)epstopdf for TeX Liv
e
))
*geometry* driver: auto-detecting
*geometry* detected driver: pdftex
*geometry* verbose mode - [ preamble ] result:
* driver: pdftex
* paper: <default>
* layout: <same size as paper>
* layoutoffset:(h,v)=(0.0pt,0.0pt)
* modes: 
* h-part:(L,W,R)=(36.135pt, 542.02501pt, 36.135pt)
* v-part:(T,H,B)=(36.135pt, 722.7pt, 36.135pt)
* \paperwidth=614.295pt
* \paperheight=794.96999pt
* \textwidth=542.02501pt
* \textheight=722.7pt
* \oddsidemargin=-36.135pt
* \evensidemargin=-36.135pt
* \topmargin=-69.47699pt
* \headheight=12.0pt
* \headsep=21.342pt
* \topskip=12.0pt
* \footskip=25.80774pt
* \marginparwidth=20.0pt
* \marginparsep=10.0pt
* \columnsep=12.0pt
* \skip\footins=10.79993pt plus 4.79993pt minus 2.39996pt
* \hoffset=0.0pt
* \voffset=0.0pt
* \mag=1000
* \@twocolumntrue
* \@twosidefalse
* \@mparswitchfalse
* \@reversemarginfalse
* (1in=72.27pt=25.4mm, 1cm=28.453pt)

Package caption Info: Begin \AtBeginDocument code.
Package caption Info: listings package is loaded.
Package caption Info: End \AtBeginDocument code.
\c@lstlisting=\count317
(./main.toc
LaTeX Font Info:    Trying to load font information for U+msa on input line 19.

 (/usr/share/texlive/texmf-dist/tex/latex/amsfonts/umsa.fd
File: umsa.fd 2013/01/14 v3.01 AMS symbols A
)
LaTeX Font Info:    Trying to load font information for U+msb on input line 19.


(/usr/share/texlive/texmf-dist/tex/latex/amsfonts/umsb.fd
File: umsb.fd 2013/01/14 v3.01 AMS symbols B
))
\tf@toc=\write4
\openout4 = `main.toc'.

 [1{/var/lib/texmf/fonts/map/pdftex/updmap/pdftex.map}


]
<./figs/chapter1/pmf.pdf, id=19, 462.52798pt x 346.89601pt>
File: ./figs/chapter1/pmf.pdf Graphic file (type pdf)
<use ./figs/chapter1/pmf.pdf>
Package pdftex.def Info: ./figs/chapter1/pmf.pdf  used on input line 266.
(pdftex.def)             Requested size: 265.0125pt x 198.77023pt.
LaTeX Font Info:    Trying to load font information for OT1+pcr on input line 2
71.

(/usr/share/texlive/texmf-dist/tex/latex/psnfss/ot1pcr.fd
File: ot1pcr.fd 2001/06/04 font definitions for OT1/pcr.
)
<./figs/chapter2/uni_cdf.pdf, id=20, 462.52798pt x 346.89601pt>
File: ./figs/chapter2/uni_cdf.pdf Graphic file (type pdf)
<use ./figs/chapter2/uni_cdf.pdf>
Package pdftex.def Info: ./figs/chapter2/uni_cdf.pdf  used on input line 303.
(pdftex.def)             Requested size: 265.0125pt x 198.77023pt.
 [2 <./figs/chapter1/pmf.pdf> <./figs/chapter2/uni_cdf.pdf>]
<./figs/chapter2/gau_cdf.pdf, id=86, 462.52798pt x 346.89601pt>
File: ./figs/chapter2/gau_cdf.pdf Graphic file (type pdf)
<use ./figs/chapter2/gau_cdf.pdf>
Package pdftex.def Info: ./figs/chapter2/gau_cdf.pdf  used on input line 413.
(pdftex.def)             Requested size: 265.0125pt x 198.77023pt.
<./figs/chapter2/gau_pdf.pdf, id=87, 462.52798pt x 346.89601pt>
File: ./figs/chapter2/gau_pdf.pdf Graphic file (type pdf)
<use ./figs/chapter2/gau_pdf.pdf>
Package pdftex.def Info: ./figs/chapter2/gau_pdf.pdf  used on input line 438.
(pdftex.def)             Requested size: 265.0125pt x 198.77023pt.
 [3 <./figs/chapter2/gau_cdf.pdf>]
<./figs/chapter2/log_uni_cdf.pdf, id=113, 462.52798pt x 346.89601pt>
File: ./figs/chapter2/log_uni_cdf.pdf Graphic file (type pdf)
<use ./figs/chapter2/log_uni_cdf.pdf>
Package pdftex.def Info: ./figs/chapter2/log_uni_cdf.pdf  used on input line 50
4.
(pdftex.def)             Requested size: 265.0125pt x 198.77023pt.

[4 <./figs/chapter2/gau_pdf.pdf> <./figs/chapter2/log_uni_cdf.pdf>]
<./figs/chapter2/tri_cdf.pdf, id=179, 462.52798pt x 346.89601pt>
File: ./figs/chapter2/tri_cdf.pdf Graphic file (type pdf)
<use ./figs/chapter2/tri_cdf.pdf>
Package pdftex.def Info: ./figs/chapter2/tri_cdf.pdf  used on input line 544.
(pdftex.def)             Requested size: 265.0125pt x 198.77023pt.
<./figs/chapter2/tri_pdf.pdf, id=180, 462.52798pt x 346.89601pt>
File: ./figs/chapter2/tri_pdf.pdf Graphic file (type pdf)
<use ./figs/chapter2/tri_pdf.pdf>
Package pdftex.def Info: ./figs/chapter2/tri_pdf.pdf  used on input line 555.
(pdftex.def)             Requested size: 265.0125pt x 198.77023pt.

(/usr/share/texlive/texmf-dist/tex/latex/listings/lstlang1.sty
File: lstlang1.sty 2020/03/24 1.8d listings language file
)
<./figs/chapter3/bpsk_scatter.pdf, id=181, 462.52798pt x 346.89601pt>
File: ./figs/chapter3/bpsk_scatter.pdf Graphic file (type pdf)
<use ./figs/chapter3/bpsk_scatter.pdf>
Package pdftex.def Info: ./figs/chapter3/bpsk_scatter.pdf  used on input line 6
20.
(pdftex.def)             Requested size: 265.0125pt x 198.77023pt.
 [5 <./figs/chapter2/tri_cdf.pdf> <./figs/chapter2/tri_pdf.pdf>]
<./figs/chapter3/bpsk_pe_snr.pdf, id=263, 462.52798pt x 346.89601pt>
File: ./figs/chapter3/bpsk_pe_snr.pdf Graphic file (type pdf)
<use ./figs/chapter3/bpsk_pe_snr.pdf>
Package pdftex.def Info: ./figs/chapter3/bpsk_pe_snr.pdf  used on input line 69
1.
(pdftex.def)             Requested size: 265.0125pt x 198.77023pt.
 [6 <./figs/chapter3/bpsk_scatter.pdf> <./figs/chapter3/bpsk_pe_snr.pdf>]
Underfull \hbox (badness 10000) in paragraph at lines 760--763

 []

<./figs/chapter3/bpsk_map_density.pdf, id=320, 462.52798pt x 346.89601pt>
File: ./figs/chapter3/bpsk_map_density.pdf Graphic file (type pdf)
<use ./figs/chapter3/bpsk_map_density.pdf>
Package pdftex.def Info: ./figs/chapter3/bpsk_map_density.pdf  used on input li
ne 776.
(pdftex.def)             Requested size: 265.0125pt x 198.77023pt.
<./figs/chapter4/chisq_cdf.pdf, id=321, 462.52798pt x 346.89601pt>
File: ./figs/chapter4/chisq_cdf.pdf Graphic file (type pdf)
<use ./figs/chapter4/chisq_cdf.pdf>
Package pdftex.def Info: ./figs/chapter4/chisq_cdf.pdf  used on input line 806.

(pdftex.def)             Requested size: 265.0125pt x 198.77023pt.
<./figs/chapter4/chisq_pdf.pdf, id=322, 462.52798pt x 346.89601pt>
File: ./figs/chapter4/chisq_pdf.pdf Graphic file (type pdf)
<use ./figs/chapter4/chisq_pdf.pdf>
Package pdftex.def Info: ./figs/chapter4/chisq_pdf.pdf  used on input line 812.

(pdftex.def)             Requested size: 265.0125pt x 198.77023pt.
[7 <./figs/chapter3/bpsk_map_density.pdf>]
<./figs/chapter4/rayleigh_cdf.pdf, id=363, 462.52798pt x 346.89601pt>
File: ./figs/chapter4/rayleigh_cdf.pdf Graphic file (type pdf)
<use ./figs/chapter4/rayleigh_cdf.pdf>
Package pdftex.def Info: ./figs/chapter4/rayleigh_cdf.pdf  used on input line 8
87.
(pdftex.def)             Requested size: 265.0125pt x 198.77023pt.
<./figs/chapter4/rayleigh_pdf.pdf, id=364, 462.52798pt x 346.89601pt>
File: ./figs/chapter4/rayleigh_pdf.pdf Graphic file (type pdf)
<use ./figs/chapter4/rayleigh_pdf.pdf>
Package pdftex.def Info: ./figs/chapter4/rayleigh_pdf.pdf  used on input line 8
93.
(pdftex.def)             Requested size: 265.0125pt x 198.77023pt.
 [8 <./figs/chapter4/chisq_cdf.pdf> <./figs/chapter4/chisq_pdf.pdf> <./figs/cha
pter4/rayleigh_cdf.pdf>]
<./figs/chapter4/prob_error.pdf, id=434, 462.52798pt x 346.89601pt>
File: ./figs/chapter4/prob_error.pdf Graphic file (type pdf)
<use ./figs/chapter4/prob_error.pdf>
Package pdftex.def Info: ./figs/chapter4/prob_error.pdf  used on input line 984
.
(pdftex.def)             Requested size: 265.0125pt x 198.77023pt.
 [9 <./figs/chapter4/rayleigh_pdf.pdf> <./figs/chapter4/prob_error.pdf>]
<./figs/chapter5/biv_scatter.pdf, id=500, 462.52798pt x 346.89601pt>
File: ./figs/chapter5/biv_scatter.pdf Graphic file (type pdf)
<use ./figs/chapter5/biv_scatter.pdf>
Package pdftex.def Info: ./figs/chapter5/biv_scatter.pdf  used on input line 10
46.
(pdftex.def)             Requested size: 265.0125pt x 198.77023pt.
<./figs/chapter5/biv_pe_vs_snr.pdf, id=501, 462.52798pt x 346.89601pt>
File: ./figs/chapter5/biv_pe_vs_snr.pdf Graphic file (type pdf)
<use ./figs/chapter5/biv_pe_vs_snr.pdf>
Package pdftex.def Info: ./figs/chapter5/biv_pe_vs_snr.pdf  used on input line 
1096.
(pdftex.def)             Requested size: 265.0125pt x 198.77023pt.
Package epstopdf Info: Source file: <./figs/chapter6/bpsk_const.eps>
(epstopdf)                    date: 2022-12-12 09:51:22
(epstopdf)                    size: 354313 bytes
(epstopdf)             Output file: <./figs/chapter6/bpsk_const-eps-converted-t
o.pdf>
(epstopdf)                    date: 2022-12-23 23:54:38
(epstopdf)                    size: 9648 bytes
(epstopdf)             Command: <repstopdf --outfile=./figs/chapter6/bpsk_const
-eps-converted-to.pdf ./figs/chapter6/bpsk_const.eps>
(epstopdf)             \includegraphics on input line 1113.
Package epstopdf Info: Output file is already uptodate.
<./figs/chapter6/bpsk_const-eps-converted-to.pdf, id=502, 562.1pt x 308.15125pt
>
File: ./figs/chapter6/bpsk_const-eps-converted-to.pdf Graphic file (type pdf)
<use ./figs/chapter6/bpsk_const-eps-converted-to.pdf>
Package pdftex.def Info: ./figs/chapter6/bpsk_const-eps-converted-to.pdf  used 
on input line 1113.
(pdftex.def)             Requested size: 265.0125pt x 145.28249pt.
 [10 <./figs/chapter5/biv_scatter.pdf> <./figs/chapter5/biv_pe_vs_snr.pdf> <./f
igs/chapter6/bpsk_const-eps-converted-to.pdf>]
<./figs/chapter6/bpsk_ber.pdf, id=574, 462.52798pt x 346.89601pt>
File: ./figs/chapter6/bpsk_ber.pdf Graphic file (type pdf)
<use ./figs/chapter6/bpsk_ber.pdf>
Package pdftex.def Info: ./figs/chapter6/bpsk_ber.pdf  used on input line 1207.

(pdftex.def)             Requested size: 265.0125pt x 198.77023pt.
Package epstopdf Info: Source file: <./figs/chapter6/bfsk_const.eps>
(epstopdf)                    date: 2022-12-12 09:51:22
(epstopdf)                    size: 321690 bytes
(epstopdf)             Output file: <./figs/chapter6/bfsk_const-eps-converted-t
o.pdf>
(epstopdf)                    date: 2022-12-12 09:51:22
(epstopdf)                    size: 10537 bytes
(epstopdf)             Command: <repstopdf --outfile=./figs/chapter6/bfsk_const
-eps-converted-to.pdf ./figs/chapter6/bfsk_const.eps>
(epstopdf)             \includegraphics on input line 1243.
Package epstopdf Info: Output file is already uptodate.
<./figs/chapter6/bfsk_const-eps-converted-to.pdf, id=575, 517.935pt x 303.1325p
t>
File: ./figs/chapter6/bfsk_const-eps-converted-to.pdf Graphic file (type pdf)
<use ./figs/chapter6/bfsk_const-eps-converted-to.pdf>
Package pdftex.def Info: ./figs/chapter6/bfsk_const-eps-converted-to.pdf  used 
on input line 1243.
(pdftex.def)             Requested size: 265.0125pt x 155.10895pt.
 [11 <./figs/chapter6/bpsk_ber.pdf>]
<./figs/chapter6/bfsk_coherent_ber.pdf, id=616, 462.52798pt x 346.89601pt>
File: ./figs/chapter6/bfsk_coherent_ber.pdf Graphic file (type pdf)
<use ./figs/chapter6/bfsk_coherent_ber.pdf>
Package pdftex.def Info: ./figs/chapter6/bfsk_coherent_ber.pdf  used on input l
ine 1338.
(pdftex.def)             Requested size: 265.0125pt x 198.77023pt.
 [12 <./figs/chapter6/bfsk_const-eps-converted-to.pdf> <./figs/chapter6/bfsk_co
herent_ber.pdf>]
Underfull \hbox (badness 2856) in paragraph at lines 1407--1417
[]\OT1/ptm/m/n/10 Consider a sys-tem where $\OT1/cmr/bx/n/10 s[] \OT1/cmr/m/n/1
0 = [] \OML/cmm/m/it/10 ; i \OT1/cmr/m/n/10 =
 []

[13] [14

] (./main.aux) ) 
Here is how much of TeX's memory you used:
 9332 strings out of 478287
 151768 string characters out of 5849289
 732016 words of memory out of 5000000
 27411 multiletter control sequences out of 15000+600000
 503371 words of font info for 92 fonts, out of 8000000 for 9000
 1141 hyphenation exceptions out of 8191
 55i,15n,63p,396b,1609s stack positions out of 5000i,500n,10000p,200000b,80000s
{/usr/share/texlive/texmf-dist/fonts/enc/dvips/base/8r.enc}</us
r/share/texlive/texmf-dist/fonts/type1/public/amsfonts/cm/cmbx10.pfb></usr/shar
e/texlive/texmf-dist/fonts/type1/public/amsfonts/cm/cmbx7.pfb></usr/share/texli
ve/texmf-dist/fonts/type1/public/amsfonts/cm/cmex10.pfb></usr/share/texlive/tex
mf-dist/fonts/type1/public/amsfonts/cm/cmmi10.pfb></usr/share/texlive/texmf-dis
t/fonts/type1/public/amsfonts/cm/cmmi5.pfb></usr/share/texlive/texmf-dist/fonts
/type1/public/amsfonts/cm/cmmi7.pfb></usr/share/texlive/texmf-dist/fonts/type1/
public/amsfonts/cm/cmr10.pfb></usr/share/texlive/texmf-dist/fonts/type1/public/
amsfonts/cm/cmr5.pfb></usr/share/texlive/texmf-dist/fonts/type1/public/amsfonts
/cm/cmr7.pfb></usr/share/texlive/texmf-dist/fonts/type1/public/amsfonts/cm/cmsy
10.pfb></usr/share/texlive/texmf-dist/fonts/type1/public/amsfonts/cm/cmsy5.pfb>
</usr/share/texlive/texmf-dist/fonts/type1/public/amsfonts/cm/cmsy7.pfb></usr/s
hare/texlive/texmf-dist/fonts/type1/public/amsfonts/symbols/msam10.pfb></usr/sh
are/texlive/texmf-dist/fonts/type1/public/amsfonts/symbols/msbm10.pfb></usr/sha
re/texlive/texmf-dist/fonts/type1/urw/courier/ucrb8a.pfb></usr/share/texlive/te
xmf-dist/fonts/type1/urw/courier/ucrr8a.pfb></usr/share/texlive/texmf-dist/font
s/type1/urw/times/utmb8a.pfb></usr/share/texlive/texmf-dist/fonts/type1/urw/tim
es/utmr8a.pfb></usr/share/texlive/texmf-dist/fonts/type1/urw/times/utmri8a.pfb>

Output written on main.pdf (14 pages, 479544 bytes).
PDF statistics:
 746 PDF objects out of 1000 (max. 8388607)
 264 compressed objects within 3 object streams
 0 named destinations out of 1000 (max. 500000)
 106 words of extra memory for PDF output out of 10000 (max. 10000000)

